Using pre-set license
Built from '2023.1/staging' branch; Version is '2023.1.1f1 (46620eadcc07) revision 4612622'; Using compiler version '192829333'; Build Type 'Release'
OS: 'Windows 11  (10.0.22631) 64bit Core' Language: 'ru' Physical Memory: 16234 MB
BatchMode: 1, IsHumanControllingUs: 0, StartBugReporterOnCrash: 0, Is64bit: 1, IsPro: 1

COMMAND LINE ARGUMENTS:
C:\Program Files\Unity 2023.1.1f1\Editor\Unity.exe
-adb2
-batchMode
-noUpm
-name
AssetImportWorker2
-projectPath
C:/Users/veche/OneDrive/Рабочий стол/Asteroids
-logFile
Logs/AssetImportWorker2.log
-srvPort
55043
Successfully changed project path to: C:/Users/veche/OneDrive/Рабочий стол/Asteroids
C:/Users/veche/OneDrive/Рабочий стол/Asteroids
[UnityMemory] Configuration Parameters - Can be set up in boot.config
    "memorysetup-bucket-allocator-granularity=16"
    "memorysetup-bucket-allocator-bucket-count=8"
    "memorysetup-bucket-allocator-block-size=33554432"
    "memorysetup-bucket-allocator-block-count=8"
    "memorysetup-main-allocator-block-size=16777216"
    "memorysetup-thread-allocator-block-size=16777216"
    "memorysetup-gfx-main-allocator-block-size=16777216"
    "memorysetup-gfx-thread-allocator-block-size=16777216"
    "memorysetup-cache-allocator-block-size=4194304"
    "memorysetup-typetree-allocator-block-size=2097152"
    "memorysetup-profiler-bucket-allocator-granularity=16"
    "memorysetup-profiler-bucket-allocator-bucket-count=8"
    "memorysetup-profiler-bucket-allocator-block-size=33554432"
    "memorysetup-profiler-bucket-allocator-block-count=8"
    "memorysetup-profiler-allocator-block-size=16777216"
    "memorysetup-profiler-editor-allocator-block-size=1048576"
    "memorysetup-temp-allocator-size-main=16777216"
    "memorysetup-job-temp-allocator-block-size=2097152"
    "memorysetup-job-temp-allocator-block-size-background=1048576"
    "memorysetup-job-temp-allocator-reduction-small-platforms=262144"
    "memorysetup-allocator-temp-initial-block-size-main=262144"
    "memorysetup-allocator-temp-initial-block-size-worker=262144"
    "memorysetup-temp-allocator-size-background-worker=32768"
    "memorysetup-temp-allocator-size-job-worker=262144"
    "memorysetup-temp-allocator-size-preload-manager=33554432"
    "memorysetup-temp-allocator-size-nav-mesh-worker=65536"
    "memorysetup-temp-allocator-size-audio-worker=65536"
    "memorysetup-temp-allocator-size-cloud-worker=32768"
    "memorysetup-temp-allocator-size-gi-baking-worker=262144"
    "memorysetup-temp-allocator-size-gfx=262144"
Player connection [133484] Host "[IP] 192.168.1.100 [Port] 0 [Flags] 2 [Guid] 3846723236 [EditorId] 3846723236 [Version] 1048832 [Id] WindowsEditor(7,Maksim) [Debug] 1 [PackageName] WindowsEditor [ProjectName] Editor" joined multi-casting on [225.0.0.222:54997]...

Player connection [133484] Host "[IP] 192.168.1.100 [Port] 0 [Flags] 2 [Guid] 3846723236 [EditorId] 3846723236 [Version] 1048832 [Id] WindowsEditor(7,Maksim) [Debug] 1 [PackageName] WindowsEditor [ProjectName] Editor" joined alternative multi-casting on [225.0.0.222:34997]...

Library Redirect Path: Library/Refreshing native plugins compatible for Editor in 6.30 ms, found 3 plugins.
Preloading 0 native plugins for Editor in 0.00 ms.
Initialize engine version: 2023.1.1f1 (46620eadcc07)
[Subsystems] Discovering subsystems at path C:/Program Files/Unity 2023.1.1f1/Editor/Data/Resources/UnitySubsystems
[Subsystems] Discovering subsystems at path C:/Users/veche/OneDrive/Рабочий стол/Asteroids/Assets
GfxDevice: creating device client; threaded=0; jobified=0
Direct3D:
    Version:  Direct3D 11.0 [level 11.1]
    Renderer: NVIDIA GeForce RTX 2060 SUPER (ID=0x1f06)
    Vendor:   NVIDIA
    VRAM:     8019 MB
    Driver:   31.0.15.3667
Initialize mono
Mono path[0] = 'C:/Program Files/Unity 2023.1.1f1/Editor/Data/Managed'
Mono path[1] = 'C:/Program Files/Unity 2023.1.1f1/Editor/Data/MonoBleedingEdge/lib/mono/unityjit-win32'
Mono config path = 'C:/Program Files/Unity 2023.1.1f1/Editor/Data/MonoBleedingEdge/etc'
Using monoOptions --debugger-agent=transport=dt_socket,embedding=1,server=y,suspend=n,address=127.0.0.1:56868
Begin MonoManager ReloadAssembly
C:\build\output\Unity-Technologies\mono\mono\metadata\icall.c:1842:
C:\build\output\Unity-Technologies\mono\mono\metadata\icall.c:1842:
C:\build\output\Unity-Technologies\mono\mono\metadata\icall.c:1842:
C:\build\output\Unity-Technologies\mono\mono\metadata\icall.c:1842:
C:\build\output\Unity-Technologies\mono\mono\metadata\icall.c:1842:
C:\build\output\Unity-Technologies\mono\mono\metadata\icall.c:1842:
C:\build\output\Unity-Technologies\mono\mono\metadata\icall.c:1842:
C:\build\output\Unity-Technologies\mono\mono\metadata\icall.c:1842:
C:\build\output\Unity-Technologies\mono\mono\metadata\icall.c:1842:
C:\build\output\Unity-Technologies\mono\mono\metadata\icall.c:1842:
Registering precompiled unity dll's ...
Register platform support module: C:/Program Files/Unity 2023.1.1f1/Editor/Data/PlaybackEngines/WindowsStandaloneSupport/UnityEditor.WindowsStandalone.Extensions.dll
Register platform support module: C:/Program Files/Unity 2023.1.1f1/Editor/Data/PlaybackEngines/AndroidPlayer/UnityEditor.Android.Extensions.dll
Registered in 0.003328 seconds.
- Loaded All Assemblies, in  0.334 seconds
Native extension for Android target not found
Native extension for WindowsStandalone target not found
Mono: successfully reloaded assembly
C:\build\output\Unity-Technologies\mono\mono\metadata\icall.c:1842:
C:\build\output\Unity-Technologies\mono\mono\metadata\icall.c:1842:
- Finished resetting the current domain, in  0.342 seconds
Domain Reload Profiling: 676ms
	BeginReloadAssembly (115ms)
		ExecutionOrderSort (0ms)
		DisableScriptedObjects (0ms)
		BackupInstance (0ms)
		ReleaseScriptingObjects (0ms)
		CreateAndSetChildDomain (1ms)
	RebuildCommonClasses (30ms)
	RebuildNativeTypeToScriptingClass (9ms)
	initialDomainReloadingComplete (41ms)
	LoadAllAssembliesAndSetupDomain (138ms)
		LoadAssemblies (113ms)
		RebuildTransferFunctionScriptingTraits (0ms)
		AnalyzeDomain (134ms)
			TypeCache.Refresh (133ms)
				TypeCache.ScanAssembly (123ms)
			ScanForSourceGeneratedMonoScriptInfo (0ms)
			ResolveRequiredComponents (0ms)
	FinalizeReload (343ms)
		ReleaseScriptCaches (0ms)
		RebuildScriptCaches (0ms)
		SetupLoadedEditorAssemblies (294ms)
			LogAssemblyErrors (0ms)
			InitializePlatformSupportModulesInManaged (70ms)
			SetLoadedEditorAssemblies (3ms)
			BeforeProcessingInitializeOnLoad (7ms)
			ProcessInitializeOnLoadAttributes (135ms)
			ProcessInitializeOnLoadMethodAttributes (79ms)
			AfterProcessingInitializeOnLoad (0ms)
			EditorAssembliesLoaded (0ms)
		ExecutionOrderSort2 (0ms)
		AwakeInstancesAfterBackupRestoration (0ms)
========================================================================
Worker process is ready to serve import requests
Import Worker Mode flag is 0x00
Begin MonoManager ReloadAssembly
C:\build\output\Unity-Technologies\mono\mono\metadata\icall.c:1842:
C:\build\output\Unity-Technologies\mono\mono\metadata\icall.c:1842:
C:\build\output\Unity-Technologies\mono\mono\metadata\icall.c:1842:
C:\build\output\Unity-Technologies\mono\mono\metadata\icall.c:1842:
C:\build\output\Unity-Technologies\mono\mono\metadata\icall.c:1842:
C:\build\output\Unity-Technologies\mono\mono\metadata\icall.c:1842:
C:\build\output\Unity-Technologies\mono\mono\metadata\icall.c:1842:
C:\build\output\Unity-Technologies\mono\mono\metadata\icall.c:1842:
C:\build\output\Unity-Technologies\mono\mono\metadata\icall.c:1842:
C:\build\output\Unity-Technologies\mono\mono\metadata\icall.c:1842:
C:\build\output\Unity-Technologies\mono\mono\metadata\icall.c:1842:
C:\build\output\Unity-Technologies\mono\mono\metadata\icall.c:1842:
Symbol file LoadedFromMemory doesn't match image C:\Users\veche\OneDrive\Рабочий стол\Asteroids\Library\PackageCache\com.unity.visualscripting@1.8.0\Editor\VisualScripting.Core\Dependencies\YamlDotNet\Unity.VisualScripting.YamlDotNet.dll
Symbol file LoadedFromMemory doesn't match image C:\Users\veche\OneDrive\Рабочий стол\Asteroids\Library\PackageCache\com.unity.visualscripting@1.8.0\Editor\VisualScripting.Core\Dependencies\DotNetZip\Unity.VisualScripting.IonicZip.dll
- Loaded All Assemblies, in  0.724 seconds
Refreshing native plugins compatible for Editor in 2.80 ms, found 3 plugins.
Native extension for Android target not found
Native extension for WindowsStandalone target not found
Mono: successfully reloaded assembly
- Finished resetting the current domain, in  0.599 seconds
Domain Reload Profiling: 1322ms
	BeginReloadAssembly (218ms)
		ExecutionOrderSort (0ms)
		DisableScriptedObjects (5ms)
		BackupInstance (0ms)
		ReleaseScriptingObjects (0ms)
		CreateAndSetChildDomain (26ms)
	RebuildCommonClasses (28ms)
	RebuildNativeTypeToScriptingClass (11ms)
	initialDomainReloadingComplete (22ms)
	LoadAllAssembliesAndSetupDomain (443ms)
		LoadAssemblies (273ms)
		RebuildTransferFunctionScriptingTraits (0ms)
		AnalyzeDomain (249ms)
			TypeCache.Refresh (232ms)
				TypeCache.ScanAssembly (219ms)
			ScanForSourceGeneratedMonoScriptInfo (13ms)
			ResolveRequiredComponents (3ms)
	FinalizeReload (600ms)
		ReleaseScriptCaches (0ms)
		RebuildScriptCaches (0ms)
		SetupLoadedEditorAssemblies (416ms)
			LogAssemblyErrors (0ms)
			InitializePlatformSupportModulesInManaged (20ms)
			SetLoadedEditorAssemblies (4ms)
			BeforeProcessingInitializeOnLoad (101ms)
			ProcessInitializeOnLoadAttributes (269ms)
			ProcessInitializeOnLoadMethodAttributes (19ms)
			AfterProcessingInitializeOnLoad (3ms)
			EditorAssembliesLoaded (0ms)
		ExecutionOrderSort2 (0ms)
		AwakeInstancesAfterBackupRestoration (5ms)
Launched and connected shader compiler UnityShaderCompiler.exe after 0.06 seconds
Refreshing native plugins compatible for Editor in 2.21 ms, found 3 plugins.
Preloading 0 native plugins for Editor in 0.00 ms.
Unloading 3462 Unused Serialized files (Serialized files now loaded: 0)
Unloading 40 unused Assets / (52.4 KB). Loaded Objects now: 4008.
Memory consumption went from 129.8 MB to 129.8 MB.
Total: 3.628200 ms (FindLiveObjects: 0.225000 ms CreateObjectMapping: 0.117700 ms MarkObjects: 3.194200 ms  DeleteObjects: 0.089700 ms)

AssetImportParameters requested are different than current active one (requested -> active):
  custom:scripting/monoscript/fileName/EnemiesViewFactory.cs: 306b4821032afd9de2f69861c17519f7 -> 3e3cbf795a7c6a9ca2c5792ba9c660ba
  custom:scripting/monoscript/fileName/EndGameWindowView.cs: 136596342d2cf90669d11e2dce2e98f1 -> 583adb17570d30b5080eb77217b7f408
  custom:video-decoder-webm-vp8: 9c59270c3fd7afecdb556c50c9e8de78 -> 
  custom:audio-encoder-webm-vorbis: bf7c407c2cedff20999df2af8eb42d56 -> 
  custom:scripting/monoscript/fileName/CompositionOrder.cs: ffef13b935182840baba9dbbfa7d8ea0 -> e5dac5b8488e88e34bc06134aab616b5
  custom:scripting/monoscript/fileName/EnemiesCompositeRoot.cs: 9f641fa9a571f9813c94670acbbd7a87 -> 231d4127bbfdf1277572322b3d277786
  custom:scripting/monoscript/fileName/ShipInput.cs: 34c6ff9cf0aa0d720e612550af5c5d26 -> 849ed7f5b11c9db237ef61b01c5a5104
  custom:AudioImporter_EditorPlatform: d09bf68614088b80899f8185d706f6e7 -> 
  custom:audio-decoder-ogg-vorbis: bf7c407c2cedff20999df2af8eb42d56 -> 
  custom:video-encoder-webm-vp8: eb34c28f22e8b96e1ab97ce403110664 -> 
  custom:container-demuxer-ogg: 62fdf1f143b41e24485cea50d1cbac27 -> 
  custom:framework-win-MediaFoundation: 216162199b28c13a410421893ffa2e32 -> 
  custom:scripting/monoscript/fileName/TransformableView.cs: d67ff9d4aa73d3eac82346438009ea3b -> 129011eaf8ea6845b2eeac9a029cc2ae
  custom:scripting/monoscript/fileName/CompositeRoot.cs: c7d7f1e7661d1fb39e1a3c081835ffaa -> 94781c0306933e7b985e9ad8c821de3b
  custom:scripting/monoscript/fileName/TransformableViewFactory.cs: 8f6297df34271fdb1ce2d9607ec6261d -> 90647cc400823b41df847a6cbfc29026
  custom:scripting/monoscript/fileName/BulletsViewFactory.cs: df4ce13b338e3bc26d770589fa44ff6b -> 559ccf68d14a7d72547e33be2981a774
  custom:video-decoder-ogg-theora: a1e56fd34408186e4bbccfd4996cb3dc -> 
  custom:container-muxer-webm: aa71ff27fc2769a1b78a27578f13a17b -> 
  custom:video-codec-MediaFoundation-h265: 746d11721c4dcdbdad8f713fa42b33f4 -> 
  custom:scripting/monoscript/fileName/PhysicsEventsBroadcaster.cs: 23bb26576e3b4973aeb46a8a15965193 -> d3acc018cf1b006b61990420842ddfd7
  custom:container-demuxer-webm: 4f35f7cbe854078d1ac9338744f61a02 -> 
  custom:scripting/monoscript/fileName/ShipDebugUIView.cs: 7a78c7013eed0499d75a3c25fd63e369 -> 61fc2b9691e778973250728863516dbe
  custom:scripting/monoscript/fileName/ShipCompositeRoot.cs: 902ed14397e2725f7e00a433b6cec580 -> 53c10bac97ef09c055c19b94b58627b5
  custom:scripting/monoscript/fileName/PhysicsRoutingCompositeRoot.cs: 07a1ea7b81c80e1644c3dcd3bee9df44 -> ee669b79e749fb756d553368f7ce871c
  custom:scripting/monoscript/fileName/ShipInputRouter.cs: c198cfb48dce22dbf9eda7426e034217 -> 8db402f01f9b1236060b0cea3ff77512
========================================================================
Received Import Request.
  Time since last request: 179032.976616 seconds.
  path: Assets/Prefabs/Ufi.prefab
  artifactKey: Guid(227e6133de9075a44aa0ad05e2399431) Importer(815301076,1909f56bfc062723c751e8b465ee728b)
Start importing Assets/Prefabs/Ufi.prefab using Guid(227e6133de9075a44aa0ad05e2399431) Importer(815301076,1909f56bfc062723c751e8b465ee728b)  -> (artifact id: 'a58f00fce61da5b6b4ee22956cfb5bc4') in 0.064199 seconds
Number of updated asset objects reloaded before import = 0
Number of asset objects unloaded after import = 10
========================================================================
Received Prepare
Begin MonoManager ReloadAssembly
C:\build\output\Unity-Technologies\mono\mono\metadata\icall.c:1842:
C:\build\output\Unity-Technologies\mono\mono\metadata\icall.c:1842:
C:\build\output\Unity-Technologies\mono\mono\metadata\icall.c:1842:
C:\build\output\Unity-Technologies\mono\mono\metadata\icall.c:1842:
C:\build\output\Unity-Technologies\mono\mono\metadata\icall.c:1842:
C:\build\output\Unity-Technologies\mono\mono\metadata\icall.c:1842:
C:\build\output\Unity-Technologies\mono\mono\metadata\icall.c:1842:
C:\build\output\Unity-Technologies\mono\mono\metadata\icall.c:1842:
C:\build\output\Unity-Technologies\mono\mono\metadata\icall.c:1842:
C:\build\output\Unity-Technologies\mono\mono\metadata\icall.c:1842:
C:\build\output\Unity-Technologies\mono\mono\metadata\icall.c:1842:
C:\build\output\Unity-Technologies\mono\mono\metadata\icall.c:1842:
Symbol file LoadedFromMemory doesn't match image C:\Users\veche\OneDrive\Рабочий стол\Asteroids\Library\PackageCache\com.unity.visualscripting@1.8.0\Editor\VisualScripting.Core\Dependencies\YamlDotNet\Unity.VisualScripting.YamlDotNet.dll
Symbol file LoadedFromMemory doesn't match image C:\Users\veche\OneDrive\Рабочий стол\Asteroids\Library\PackageCache\com.unity.visualscripting@1.8.0\Editor\VisualScripting.Core\Dependencies\DotNetZip\Unity.VisualScripting.IonicZip.dll
- Loaded All Assemblies, in  1.260 seconds
Refreshing native plugins compatible for Editor in 6.36 ms, found 3 plugins.
Native extension for Android target not found
Native extension for WindowsStandalone target not found
Mono: successfully reloaded assembly
- Finished resetting the current domain, in  1.714 seconds
Domain Reload Profiling: 2963ms
	BeginReloadAssembly (285ms)
		ExecutionOrderSort (0ms)
		DisableScriptedObjects (6ms)
		BackupInstance (0ms)
		ReleaseScriptingObjects (0ms)
		CreateAndSetChildDomain (82ms)
	RebuildCommonClasses (53ms)
	RebuildNativeTypeToScriptingClass (45ms)
	initialDomainReloadingComplete (74ms)
	LoadAllAssembliesAndSetupDomain (790ms)
		LoadAssemblies (449ms)
		RebuildTransferFunctionScriptingTraits (0ms)
		AnalyzeDomain (447ms)
			TypeCache.Refresh (434ms)
				TypeCache.ScanAssembly (411ms)
			ScanForSourceGeneratedMonoScriptInfo (5ms)
			ResolveRequiredComponents (7ms)
	FinalizeReload (1715ms)
		ReleaseScriptCaches (0ms)
		RebuildScriptCaches (0ms)
		SetupLoadedEditorAssemblies (889ms)
			LogAssemblyErrors (0ms)
			InitializePlatformSupportModulesInManaged (43ms)
			SetLoadedEditorAssemblies (6ms)
			BeforeProcessingInitializeOnLoad (201ms)
			ProcessInitializeOnLoadAttributes (570ms)
			ProcessInitializeOnLoadMethodAttributes (63ms)
			AfterProcessingInitializeOnLoad (5ms)
			EditorAssembliesLoaded (0ms)
		ExecutionOrderSort2 (0ms)
		AwakeInstancesAfterBackupRestoration (7ms)
Refreshing native plugins compatible for Editor in 3.87 ms, found 3 plugins.
Preloading 0 native plugins for Editor in 0.00 ms.
Unloading 3453 Unused Serialized files (Serialized files now loaded: 0)
Unloading 24 unused Assets / (30.4 KB). Loaded Objects now: 4019.
Memory consumption went from 129.2 MB to 129.2 MB.
Total: 4.208500 ms (FindLiveObjects: 0.308900 ms CreateObjectMapping: 0.145000 ms MarkObjects: 3.707400 ms  DeleteObjects: 0.046000 ms)

Prepare: number of updated asset objects reloaded= 0
AssetImportParameters requested are different than current active one (requested -> active):
  custom:scripting/monoscript/fileName/EnemiesViewFactory.cs: 306b4821032afd9de2f69861c17519f7 -> 3e3cbf795a7c6a9ca2c5792ba9c660ba
  custom:scripting/monoscript/fileName/EndGameWindowView.cs: 136596342d2cf90669d11e2dce2e98f1 -> 583adb17570d30b5080eb77217b7f408
  custom:video-decoder-webm-vp8: 9c59270c3fd7afecdb556c50c9e8de78 -> 
  custom:audio-encoder-webm-vorbis: bf7c407c2cedff20999df2af8eb42d56 -> 
  custom:scripting/monoscript/fileName/CompositionOrder.cs: ffef13b935182840baba9dbbfa7d8ea0 -> e5dac5b8488e88e34bc06134aab616b5
  custom:scripting/monoscript/fileName/EnemiesCompositeRoot.cs: 9f641fa9a571f9813c94670acbbd7a87 -> 231d4127bbfdf1277572322b3d277786
  custom:scripting/monoscript/fileName/ShipInput.cs: 34c6ff9cf0aa0d720e612550af5c5d26 -> 849ed7f5b11c9db237ef61b01c5a5104
  custom:AudioImporter_EditorPlatform: d09bf68614088b80899f8185d706f6e7 -> 
  custom:audio-decoder-ogg-vorbis: bf7c407c2cedff20999df2af8eb42d56 -> 
  custom:video-encoder-webm-vp8: eb34c28f22e8b96e1ab97ce403110664 -> 
  custom:container-demuxer-ogg: 62fdf1f143b41e24485cea50d1cbac27 -> 
  custom:framework-win-MediaFoundation: 216162199b28c13a410421893ffa2e32 -> 
  custom:scripting/monoscript/fileName/TransformableView.cs: d67ff9d4aa73d3eac82346438009ea3b -> 129011eaf8ea6845b2eeac9a029cc2ae
  custom:scripting/monoscript/fileName/CompositeRoot.cs: c7d7f1e7661d1fb39e1a3c081835ffaa -> 94781c0306933e7b985e9ad8c821de3b
  custom:scripting/monoscript/fileName/TransformableViewFactory.cs: 8f6297df34271fdb1ce2d9607ec6261d -> 90647cc400823b41df847a6cbfc29026
  custom:scripting/monoscript/fileName/BulletsViewFactory.cs: df4ce13b338e3bc26d770589fa44ff6b -> 559ccf68d14a7d72547e33be2981a774
  custom:video-decoder-ogg-theora: a1e56fd34408186e4bbccfd4996cb3dc -> 
  custom:container-muxer-webm: aa71ff27fc2769a1b78a27578f13a17b -> 
  custom:video-codec-MediaFoundation-h265: 746d11721c4dcdbdad8f713fa42b33f4 -> 
  custom:scripting/monoscript/fileName/PhysicsEventsBroadcaster.cs: 23bb26576e3b4973aeb46a8a15965193 -> d3acc018cf1b006b61990420842ddfd7
  custom:container-demuxer-webm: 4f35f7cbe854078d1ac9338744f61a02 -> 
  custom:scripting/monoscript/fileName/ShipDebugUIView.cs: 7a78c7013eed0499d75a3c25fd63e369 -> 61fc2b9691e778973250728863516dbe
  custom:scripting/monoscript/fileName/ShipCompositeRoot.cs: 902ed14397e2725f7e00a433b6cec580 -> 53c10bac97ef09c055c19b94b58627b5
  custom:scripting/monoscript/fileName/PhysicsRoutingCompositeRoot.cs: 07a1ea7b81c80e1644c3dcd3bee9df44 -> ee669b79e749fb756d553368f7ce871c
  custom:scripting/monoscript/fileName/ShipInputRouter.cs: c198cfb48dce22dbf9eda7426e034217 -> 8db402f01f9b1236060b0cea3ff77512
========================================================================
Received Prepare
Begin MonoManager ReloadAssembly
C:\build\output\Unity-Technologies\mono\mono\metadata\icall.c:1842:
C:\build\output\Unity-Technologies\mono\mono\metadata\icall.c:1842:
C:\build\output\Unity-Technologies\mono\mono\metadata\icall.c:1842:
C:\build\output\Unity-Technologies\mono\mono\metadata\icall.c:1842:
C:\build\output\Unity-Technologies\mono\mono\metadata\icall.c:1842:
C:\build\output\Unity-Technologies\mono\mono\metadata\icall.c:1842:
C:\build\output\Unity-Technologies\mono\mono\metadata\icall.c:1842:
C:\build\output\Unity-Technologies\mono\mono\metadata\icall.c:1842:
C:\build\output\Unity-Technologies\mono\mono\metadata\icall.c:1842:
C:\build\output\Unity-Technologies\mono\mono\metadata\icall.c:1842:
C:\build\output\Unity-Technologies\mono\mono\metadata\icall.c:1842:
C:\build\output\Unity-Technologies\mono\mono\metadata\icall.c:1842:
Symbol file LoadedFromMemory doesn't match image C:\Users\veche\OneDrive\Рабочий стол\Asteroids\Library\PackageCache\com.unity.visualscripting@1.8.0\Editor\VisualScripting.Core\Dependencies\YamlDotNet\Unity.VisualScripting.YamlDotNet.dll
Symbol file LoadedFromMemory doesn't match image C:\Users\veche\OneDrive\Рабочий стол\Asteroids\Library\PackageCache\com.unity.visualscripting@1.8.0\Editor\VisualScripting.Core\Dependencies\DotNetZip\Unity.VisualScripting.IonicZip.dll
- Loaded All Assemblies, in  1.096 seconds
Refreshing native plugins compatible for Editor in 3.38 ms, found 3 plugins.
Native extension for Android target not found
Native extension for WindowsStandalone target not found
Mono: successfully reloaded assembly
- Finished resetting the current domain, in  1.360 seconds
Domain Reload Profiling: 2447ms
	BeginReloadAssembly (290ms)
		ExecutionOrderSort (0ms)
		DisableScriptedObjects (10ms)
		BackupInstance (0ms)
		ReleaseScriptingObjects (0ms)
		CreateAndSetChildDomain (71ms)
	RebuildCommonClasses (41ms)
	RebuildNativeTypeToScriptingClass (12ms)
	initialDomainReloadingComplete (34ms)
	LoadAllAssembliesAndSetupDomain (709ms)
		LoadAssemblies (511ms)
		RebuildTransferFunctionScriptingTraits (0ms)
		AnalyzeDomain (356ms)
			TypeCache.Refresh (348ms)
				TypeCache.ScanAssembly (333ms)
			ScanForSourceGeneratedMonoScriptInfo (4ms)
			ResolveRequiredComponents (5ms)
	FinalizeReload (1361ms)
		ReleaseScriptCaches (0ms)
		RebuildScriptCaches (0ms)
		SetupLoadedEditorAssemblies (570ms)
			LogAssemblyErrors (0ms)
			InitializePlatformSupportModulesInManaged (30ms)
			SetLoadedEditorAssemblies (6ms)
			BeforeProcessingInitializeOnLoad (143ms)
			ProcessInitializeOnLoadAttributes (361ms)
			ProcessInitializeOnLoadMethodAttributes (25ms)
			AfterProcessingInitializeOnLoad (5ms)
			EditorAssembliesLoaded (0ms)
		ExecutionOrderSort2 (0ms)
		AwakeInstancesAfterBackupRestoration (8ms)
Refreshing native plugins compatible for Editor in 2.92 ms, found 3 plugins.
Preloading 0 native plugins for Editor in 0.00 ms.
Unloading 3454 Unused Serialized files (Serialized files now loaded: 0)
Unloading 24 unused Assets / (30.4 KB). Loaded Objects now: 4023.
Memory consumption went from 130.5 MB to 130.5 MB.
Total: 3.573800 ms (FindLiveObjects: 0.248400 ms CreateObjectMapping: 0.127800 ms MarkObjects: 3.127600 ms  DeleteObjects: 0.068500 ms)

Prepare: number of updated asset objects reloaded= 0
AssetImportParameters requested are different than current active one (requested -> active):
  custom:scripting/monoscript/fileName/EnemiesViewFactory.cs: 306b4821032afd9de2f69861c17519f7 -> 3e3cbf795a7c6a9ca2c5792ba9c660ba
  custom:scripting/monoscript/fileName/EndGameWindowView.cs: 136596342d2cf90669d11e2dce2e98f1 -> 583adb17570d30b5080eb77217b7f408
  custom:video-decoder-webm-vp8: 9c59270c3fd7afecdb556c50c9e8de78 -> 
  custom:audio-encoder-webm-vorbis: bf7c407c2cedff20999df2af8eb42d56 -> 
  custom:scripting/monoscript/fileName/CompositionOrder.cs: ffef13b935182840baba9dbbfa7d8ea0 -> e5dac5b8488e88e34bc06134aab616b5
  custom:scripting/monoscript/fileName/EnemiesCompositeRoot.cs: 9f641fa9a571f9813c94670acbbd7a87 -> 231d4127bbfdf1277572322b3d277786
  custom:scripting/monoscript/fileName/ShipInput.cs: 34c6ff9cf0aa0d720e612550af5c5d26 -> 849ed7f5b11c9db237ef61b01c5a5104
  custom:AudioImporter_EditorPlatform: d09bf68614088b80899f8185d706f6e7 -> 
  custom:audio-decoder-ogg-vorbis: bf7c407c2cedff20999df2af8eb42d56 -> 
  custom:video-encoder-webm-vp8: eb34c28f22e8b96e1ab97ce403110664 -> 
  custom:container-demuxer-ogg: 62fdf1f143b41e24485cea50d1cbac27 -> 
  custom:framework-win-MediaFoundation: 216162199b28c13a410421893ffa2e32 -> 
  custom:scripting/monoscript/fileName/TransformableView.cs: d67ff9d4aa73d3eac82346438009ea3b -> 129011eaf8ea6845b2eeac9a029cc2ae
  custom:scripting/monoscript/fileName/CompositeRoot.cs: c7d7f1e7661d1fb39e1a3c081835ffaa -> 94781c0306933e7b985e9ad8c821de3b
  custom:scripting/monoscript/fileName/TransformableViewFactory.cs: 8f6297df34271fdb1ce2d9607ec6261d -> 90647cc400823b41df847a6cbfc29026
  custom:scripting/monoscript/fileName/BulletsViewFactory.cs: df4ce13b338e3bc26d770589fa44ff6b -> 559ccf68d14a7d72547e33be2981a774
  custom:video-decoder-ogg-theora: a1e56fd34408186e4bbccfd4996cb3dc -> 
  custom:container-muxer-webm: aa71ff27fc2769a1b78a27578f13a17b -> 
  custom:video-codec-MediaFoundation-h265: 746d11721c4dcdbdad8f713fa42b33f4 -> 
  custom:scripting/monoscript/fileName/PhysicsEventsBroadcaster.cs: 23bb26576e3b4973aeb46a8a15965193 -> d3acc018cf1b006b61990420842ddfd7
  custom:container-demuxer-webm: 4f35f7cbe854078d1ac9338744f61a02 -> 
  custom:scripting/monoscript/fileName/ShipDebugUIView.cs: 7a78c7013eed0499d75a3c25fd63e369 -> 61fc2b9691e778973250728863516dbe
  custom:scripting/monoscript/fileName/ShipCompositeRoot.cs: 902ed14397e2725f7e00a433b6cec580 -> 53c10bac97ef09c055c19b94b58627b5
  custom:scripting/monoscript/fileName/PhysicsRoutingCompositeRoot.cs: 07a1ea7b81c80e1644c3dcd3bee9df44 -> ee669b79e749fb756d553368f7ce871c
  custom:scripting/monoscript/fileName/ShipInputRouter.cs: c198cfb48dce22dbf9eda7426e034217 -> 8db402f01f9b1236060b0cea3ff77512
========================================================================
Received Prepare
Begin MonoManager ReloadAssembly
C:\build\output\Unity-Technologies\mono\mono\metadata\icall.c:1842:
C:\build\output\Unity-Technologies\mono\mono\metadata\icall.c:1842:
C:\build\output\Unity-Technologies\mono\mono\metadata\icall.c:1842:
C:\build\output\Unity-Technologies\mono\mono\metadata\icall.c:1842:
C:\build\output\Unity-Technologies\mono\mono\metadata\icall.c:1842:
C:\build\output\Unity-Technologies\mono\mono\metadata\icall.c:1842:
C:\build\output\Unity-Technologies\mono\mono\metadata\icall.c:1842:
C:\build\output\Unity-Technologies\mono\mono\metadata\icall.c:1842:
C:\build\output\Unity-Technologies\mono\mono\metadata\icall.c:1842:
C:\build\output\Unity-Technologies\mono\mono\metadata\icall.c:1842:
C:\build\output\Unity-Technologies\mono\mono\metadata\icall.c:1842:
C:\build\output\Unity-Technologies\mono\mono\metadata\icall.c:1842:
Symbol file LoadedFromMemory doesn't match image C:\Users\veche\OneDrive\Рабочий стол\Asteroids\Library\PackageCache\com.unity.visualscripting@1.8.0\Editor\VisualScripting.Core\Dependencies\YamlDotNet\Unity.VisualScripting.YamlDotNet.dll
Symbol file LoadedFromMemory doesn't match image C:\Users\veche\OneDrive\Рабочий стол\Asteroids\Library\PackageCache\com.unity.visualscripting@1.8.0\Editor\VisualScripting.Core\Dependencies\DotNetZip\Unity.VisualScripting.IonicZip.dll
- Loaded All Assemblies, in  1.129 seconds
Refreshing native plugins compatible for Editor in 5.88 ms, found 3 plugins.
Native extension for Android target not found
Native extension for WindowsStandalone target not found
Mono: successfully reloaded assembly
- Finished resetting the current domain, in  1.648 seconds
Domain Reload Profiling: 2772ms
	BeginReloadAssembly (254ms)
		ExecutionOrderSort (0ms)
		DisableScriptedObjects (11ms)
		BackupInstance (0ms)
		ReleaseScriptingObjects (0ms)
		CreateAndSetChildDomain (66ms)
	RebuildCommonClasses (73ms)
	RebuildNativeTypeToScriptingClass (12ms)
	initialDomainReloadingComplete (35ms)
	LoadAllAssembliesAndSetupDomain (750ms)
		LoadAssemblies (414ms)
		RebuildTransferFunctionScriptingTraits (0ms)
		AnalyzeDomain (467ms)
			TypeCache.Refresh (456ms)
				TypeCache.ScanAssembly (442ms)
			ScanForSourceGeneratedMonoScriptInfo (5ms)
			ResolveRequiredComponents (5ms)
	FinalizeReload (1649ms)
		ReleaseScriptCaches (0ms)
		RebuildScriptCaches (0ms)
		SetupLoadedEditorAssemblies (734ms)
			LogAssemblyErrors (0ms)
			InitializePlatformSupportModulesInManaged (33ms)
			SetLoadedEditorAssemblies (7ms)
			BeforeProcessingInitializeOnLoad (196ms)
			ProcessInitializeOnLoadAttributes (479ms)
			ProcessInitializeOnLoadMethodAttributes (16ms)
			AfterProcessingInitializeOnLoad (3ms)
			EditorAssembliesLoaded (0ms)
		ExecutionOrderSort2 (0ms)
		AwakeInstancesAfterBackupRestoration (6ms)
Refreshing native plugins compatible for Editor in 2.68 ms, found 3 plugins.
Preloading 0 native plugins for Editor in 0.00 ms.
Unloading 3454 Unused Serialized files (Serialized files now loaded: 0)
Unloading 24 unused Assets / (30.5 KB). Loaded Objects now: 4027.
Memory consumption went from 131.5 MB to 131.5 MB.
Total: 3.827300 ms (FindLiveObjects: 0.237600 ms CreateObjectMapping: 0.137100 ms MarkObjects: 3.391900 ms  DeleteObjects: 0.059200 ms)

Prepare: number of updated asset objects reloaded= 0
AssetImportParameters requested are different than current active one (requested -> active):
  custom:scripting/monoscript/fileName/EnemiesViewFactory.cs: 306b4821032afd9de2f69861c17519f7 -> 3e3cbf795a7c6a9ca2c5792ba9c660ba
  custom:scripting/monoscript/fileName/EndGameWindowView.cs: 136596342d2cf90669d11e2dce2e98f1 -> 583adb17570d30b5080eb77217b7f408
  custom:video-decoder-webm-vp8: 9c59270c3fd7afecdb556c50c9e8de78 -> 
  custom:audio-encoder-webm-vorbis: bf7c407c2cedff20999df2af8eb42d56 -> 
  custom:scripting/monoscript/fileName/CompositionOrder.cs: ffef13b935182840baba9dbbfa7d8ea0 -> e5dac5b8488e88e34bc06134aab616b5
  custom:scripting/monoscript/fileName/EnemiesCompositeRoot.cs: 9f641fa9a571f9813c94670acbbd7a87 -> 231d4127bbfdf1277572322b3d277786
  custom:scripting/monoscript/fileName/ShipInput.cs: 34c6ff9cf0aa0d720e612550af5c5d26 -> 849ed7f5b11c9db237ef61b01c5a5104
  custom:AudioImporter_EditorPlatform: d09bf68614088b80899f8185d706f6e7 -> 
  custom:audio-decoder-ogg-vorbis: bf7c407c2cedff20999df2af8eb42d56 -> 
  custom:video-encoder-webm-vp8: eb34c28f22e8b96e1ab97ce403110664 -> 
  custom:container-demuxer-ogg: 62fdf1f143b41e24485cea50d1cbac27 -> 
  custom:framework-win-MediaFoundation: 216162199b28c13a410421893ffa2e32 -> 
  custom:scripting/monoscript/fileName/TransformableView.cs: d67ff9d4aa73d3eac82346438009ea3b -> 129011eaf8ea6845b2eeac9a029cc2ae
  custom:scripting/monoscript/fileName/CompositeRoot.cs: c7d7f1e7661d1fb39e1a3c081835ffaa -> 94781c0306933e7b985e9ad8c821de3b
  custom:scripting/monoscript/fileName/TransformableViewFactory.cs: 8f6297df34271fdb1ce2d9607ec6261d -> 90647cc400823b41df847a6cbfc29026
  custom:scripting/monoscript/fileName/BulletsViewFactory.cs: df4ce13b338e3bc26d770589fa44ff6b -> 559ccf68d14a7d72547e33be2981a774
  custom:video-decoder-ogg-theora: a1e56fd34408186e4bbccfd4996cb3dc -> 
  custom:container-muxer-webm: aa71ff27fc2769a1b78a27578f13a17b -> 
  custom:video-codec-MediaFoundation-h265: 746d11721c4dcdbdad8f713fa42b33f4 -> 
  custom:scripting/monoscript/fileName/PhysicsEventsBroadcaster.cs: 23bb26576e3b4973aeb46a8a15965193 -> d3acc018cf1b006b61990420842ddfd7
  custom:container-demuxer-webm: 4f35f7cbe854078d1ac9338744f61a02 -> 
  custom:scripting/monoscript/fileName/ShipDebugUIView.cs: 7a78c7013eed0499d75a3c25fd63e369 -> 61fc2b9691e778973250728863516dbe
  custom:scripting/monoscript/fileName/ShipCompositeRoot.cs: 902ed14397e2725f7e00a433b6cec580 -> 53c10bac97ef09c055c19b94b58627b5
  custom:scripting/monoscript/fileName/PhysicsRoutingCompositeRoot.cs: 07a1ea7b81c80e1644c3dcd3bee9df44 -> ee669b79e749fb756d553368f7ce871c
  custom:scripting/monoscript/fileName/ShipInputRouter.cs: c198cfb48dce22dbf9eda7426e034217 -> 8db402f01f9b1236060b0cea3ff77512
========================================================================
Received Prepare
Begin MonoManager ReloadAssembly
C:\build\output\Unity-Technologies\mono\mono\metadata\icall.c:1842:
C:\build\output\Unity-Technologies\mono\mono\metadata\icall.c:1842:
C:\build\output\Unity-Technologies\mono\mono\metadata\icall.c:1842:
C:\build\output\Unity-Technologies\mono\mono\metadata\icall.c:1842:
C:\build\output\Unity-Technologies\mono\mono\metadata\icall.c:1842:
C:\build\output\Unity-Technologies\mono\mono\metadata\icall.c:1842:
C:\build\output\Unity-Technologies\mono\mono\metadata\icall.c:1842:
C:\build\output\Unity-Technologies\mono\mono\metadata\icall.c:1842:
C:\build\output\Unity-Technologies\mono\mono\metadata\icall.c:1842:
C:\build\output\Unity-Technologies\mono\mono\metadata\icall.c:1842:
C:\build\output\Unity-Technologies\mono\mono\metadata\icall.c:1842:
C:\build\output\Unity-Technologies\mono\mono\metadata\icall.c:1842:
Symbol file LoadedFromMemory doesn't match image C:\Users\veche\OneDrive\Рабочий стол\Asteroids\Library\PackageCache\com.unity.visualscripting@1.8.0\Editor\VisualScripting.Core\Dependencies\YamlDotNet\Unity.VisualScripting.YamlDotNet.dll
Symbol file LoadedFromMemory doesn't match image C:\Users\veche\OneDrive\Рабочий стол\Asteroids\Library\PackageCache\com.unity.visualscripting@1.8.0\Editor\VisualScripting.Core\Dependencies\DotNetZip\Unity.VisualScripting.IonicZip.dll
- Loaded All Assemblies, in  0.632 seconds
Refreshing native plugins compatible for Editor in 2.71 ms, found 3 plugins.
Native extension for Android target not found
Native extension for WindowsStandalone target not found
Mono: successfully reloaded assembly
- Finished resetting the current domain, in  0.856 seconds
Domain Reload Profiling: 1486ms
	BeginReloadAssembly (156ms)
		ExecutionOrderSort (0ms)
		DisableScriptedObjects (8ms)
		BackupInstance (0ms)
		ReleaseScriptingObjects (0ms)
		CreateAndSetChildDomain (38ms)
	RebuildCommonClasses (29ms)
	RebuildNativeTypeToScriptingClass (10ms)
	initialDomainReloadingComplete (22ms)
	LoadAllAssembliesAndSetupDomain (413ms)
		LoadAssemblies (260ms)
		RebuildTransferFunctionScriptingTraits (0ms)
		AnalyzeDomain (230ms)
			TypeCache.Refresh (224ms)
				TypeCache.ScanAssembly (213ms)
			ScanForSourceGeneratedMonoScriptInfo (3ms)
			ResolveRequiredComponents (3ms)
	FinalizeReload (856ms)
		ReleaseScriptCaches (0ms)
		RebuildScriptCaches (0ms)
		SetupLoadedEditorAssemblies (367ms)
			LogAssemblyErrors (0ms)
			InitializePlatformSupportModulesInManaged (18ms)
			SetLoadedEditorAssemblies (3ms)
			BeforeProcessingInitializeOnLoad (89ms)
			ProcessInitializeOnLoadAttributes (233ms)
			ProcessInitializeOnLoadMethodAttributes (21ms)
			AfterProcessingInitializeOnLoad (3ms)
			EditorAssembliesLoaded (0ms)
		ExecutionOrderSort2 (0ms)
		AwakeInstancesAfterBackupRestoration (5ms)
Refreshing native plugins compatible for Editor in 3.43 ms, found 3 plugins.
Preloading 0 native plugins for Editor in 0.00 ms.
Unloading 3454 Unused Serialized files (Serialized files now loaded: 0)
Unloading 24 unused Assets / (30.6 KB). Loaded Objects now: 4031.
Memory consumption went from 132.6 MB to 132.5 MB.
Total: 3.644200 ms (FindLiveObjects: 0.264800 ms CreateObjectMapping: 0.145700 ms MarkObjects: 3.180600 ms  DeleteObjects: 0.052000 ms)

Prepare: number of updated asset objects reloaded= 0
AssetImportParameters requested are different than current active one (requested -> active):
  custom:scripting/monoscript/fileName/EnemiesViewFactory.cs: 306b4821032afd9de2f69861c17519f7 -> 3e3cbf795a7c6a9ca2c5792ba9c660ba
  custom:scripting/monoscript/fileName/EndGameWindowView.cs: 136596342d2cf90669d11e2dce2e98f1 -> 583adb17570d30b5080eb77217b7f408
  custom:video-decoder-webm-vp8: 9c59270c3fd7afecdb556c50c9e8de78 -> 
  custom:audio-encoder-webm-vorbis: bf7c407c2cedff20999df2af8eb42d56 -> 
  custom:scripting/monoscript/fileName/CompositionOrder.cs: ffef13b935182840baba9dbbfa7d8ea0 -> e5dac5b8488e88e34bc06134aab616b5
  custom:scripting/monoscript/fileName/EnemiesCompositeRoot.cs: 9f641fa9a571f9813c94670acbbd7a87 -> 231d4127bbfdf1277572322b3d277786
  custom:scripting/monoscript/fileName/ShipInput.cs: 34c6ff9cf0aa0d720e612550af5c5d26 -> 849ed7f5b11c9db237ef61b01c5a5104
  custom:AudioImporter_EditorPlatform: d09bf68614088b80899f8185d706f6e7 -> 
  custom:audio-decoder-ogg-vorbis: bf7c407c2cedff20999df2af8eb42d56 -> 
  custom:video-encoder-webm-vp8: eb34c28f22e8b96e1ab97ce403110664 -> 
  custom:container-demuxer-ogg: 62fdf1f143b41e24485cea50d1cbac27 -> 
  custom:framework-win-MediaFoundation: 216162199b28c13a410421893ffa2e32 -> 
  custom:scripting/monoscript/fileName/TransformableView.cs: d67ff9d4aa73d3eac82346438009ea3b -> 129011eaf8ea6845b2eeac9a029cc2ae
  custom:scripting/monoscript/fileName/CompositeRoot.cs: c7d7f1e7661d1fb39e1a3c081835ffaa -> 94781c0306933e7b985e9ad8c821de3b
  custom:scripting/monoscript/fileName/TransformableViewFactory.cs: 8f6297df34271fdb1ce2d9607ec6261d -> 90647cc400823b41df847a6cbfc29026
  custom:scripting/monoscript/fileName/BulletsViewFactory.cs: df4ce13b338e3bc26d770589fa44ff6b -> 559ccf68d14a7d72547e33be2981a774
  custom:video-decoder-ogg-theora: a1e56fd34408186e4bbccfd4996cb3dc -> 
  custom:container-muxer-webm: aa71ff27fc2769a1b78a27578f13a17b -> 
  custom:video-codec-MediaFoundation-h265: 746d11721c4dcdbdad8f713fa42b33f4 -> 
  custom:scripting/monoscript/fileName/PhysicsEventsBroadcaster.cs: 23bb26576e3b4973aeb46a8a15965193 -> d3acc018cf1b006b61990420842ddfd7
  custom:container-demuxer-webm: 4f35f7cbe854078d1ac9338744f61a02 -> 
  custom:scripting/monoscript/fileName/ShipDebugUIView.cs: 7a78c7013eed0499d75a3c25fd63e369 -> 61fc2b9691e778973250728863516dbe
  custom:scripting/monoscript/fileName/ShipCompositeRoot.cs: 902ed14397e2725f7e00a433b6cec580 -> 53c10bac97ef09c055c19b94b58627b5
  custom:scripting/monoscript/fileName/PhysicsRoutingCompositeRoot.cs: 07a1ea7b81c80e1644c3dcd3bee9df44 -> ee669b79e749fb756d553368f7ce871c
  custom:scripting/monoscript/fileName/ShipInputRouter.cs: c198cfb48dce22dbf9eda7426e034217 -> 8db402f01f9b1236060b0cea3ff77512
========================================================================
Received Prepare
Begin MonoManager ReloadAssembly
C:\build\output\Unity-Technologies\mono\mono\metadata\icall.c:1842:
C:\build\output\Unity-Technologies\mono\mono\metadata\icall.c:1842:
C:\build\output\Unity-Technologies\mono\mono\metadata\icall.c:1842:
C:\build\output\Unity-Technologies\mono\mono\metadata\icall.c:1842:
C:\build\output\Unity-Technologies\mono\mono\metadata\icall.c:1842:
C:\build\output\Unity-Technologies\mono\mono\metadata\icall.c:1842:
C:\build\output\Unity-Technologies\mono\mono\metadata\icall.c:1842:
C:\build\output\Unity-Technologies\mono\mono\metadata\icall.c:1842:
C:\build\output\Unity-Technologies\mono\mono\metadata\icall.c:1842:
C:\build\output\Unity-Technologies\mono\mono\metadata\icall.c:1842:
C:\build\output\Unity-Technologies\mono\mono\metadata\icall.c:1842:
C:\build\output\Unity-Technologies\mono\mono\metadata\icall.c:1842:
Symbol file LoadedFromMemory doesn't match image C:\Users\veche\OneDrive\Рабочий стол\Asteroids\Library\PackageCache\com.unity.visualscripting@1.8.0\Editor\VisualScripting.Core\Dependencies\YamlDotNet\Unity.VisualScripting.YamlDotNet.dll
Symbol file LoadedFromMemory doesn't match image C:\Users\veche\OneDrive\Рабочий стол\Asteroids\Library\PackageCache\com.unity.visualscripting@1.8.0\Editor\VisualScripting.Core\Dependencies\DotNetZip\Unity.VisualScripting.IonicZip.dll
- Loaded All Assemblies, in  0.694 seconds
Refreshing native plugins compatible for Editor in 2.27 ms, found 3 plugins.
Native extension for Android target not found
Native extension for WindowsStandalone target not found
Mono: successfully reloaded assembly
- Finished resetting the current domain, in  0.792 seconds
Domain Reload Profiling: 1485ms
	BeginReloadAssembly (165ms)
		ExecutionOrderSort (0ms)
		DisableScriptedObjects (5ms)
		BackupInstance (0ms)
		ReleaseScriptingObjects (0ms)
		CreateAndSetChildDomain (41ms)
	RebuildCommonClasses (30ms)
	RebuildNativeTypeToScriptingClass (11ms)
	initialDomainReloadingComplete (28ms)
	LoadAllAssembliesAndSetupDomain (458ms)
		LoadAssemblies (300ms)
		RebuildTransferFunctionScriptingTraits (0ms)
		AnalyzeDomain (243ms)
			TypeCache.Refresh (236ms)
				TypeCache.ScanAssembly (223ms)
			ScanForSourceGeneratedMonoScriptInfo (4ms)
			ResolveRequiredComponents (3ms)
	FinalizeReload (792ms)
		ReleaseScriptCaches (0ms)
		RebuildScriptCaches (0ms)
		SetupLoadedEditorAssemblies (351ms)
			LogAssemblyErrors (0ms)
			InitializePlatformSupportModulesInManaged (18ms)
			SetLoadedEditorAssemblies (3ms)
			BeforeProcessingInitializeOnLoad (94ms)
			ProcessInitializeOnLoadAttributes (216ms)
			ProcessInitializeOnLoadMethodAttributes (17ms)
			AfterProcessingInitializeOnLoad (2ms)
			EditorAssembliesLoaded (0ms)
		ExecutionOrderSort2 (0ms)
		AwakeInstancesAfterBackupRestoration (5ms)
Refreshing native plugins compatible for Editor in 2.92 ms, found 3 plugins.
Preloading 0 native plugins for Editor in 0.00 ms.
Unloading 3454 Unused Serialized files (Serialized files now loaded: 0)
Unloading 24 unused Assets / (30.6 KB). Loaded Objects now: 4035.
Memory consumption went from 133.6 MB to 133.6 MB.
Total: 4.642000 ms (FindLiveObjects: 0.240300 ms CreateObjectMapping: 0.117600 ms MarkObjects: 4.230100 ms  DeleteObjects: 0.052600 ms)

Prepare: number of updated asset objects reloaded= 0
AssetImportParameters requested are different than current active one (requested -> active):
  custom:scripting/monoscript/fileName/EnemiesViewFactory.cs: 306b4821032afd9de2f69861c17519f7 -> 3e3cbf795a7c6a9ca2c5792ba9c660ba
  custom:scripting/monoscript/fileName/EndGameWindowView.cs: 136596342d2cf90669d11e2dce2e98f1 -> 583adb17570d30b5080eb77217b7f408
  custom:video-decoder-webm-vp8: 9c59270c3fd7afecdb556c50c9e8de78 -> 
  custom:audio-encoder-webm-vorbis: bf7c407c2cedff20999df2af8eb42d56 -> 
  custom:scripting/monoscript/fileName/CompositionOrder.cs: ffef13b935182840baba9dbbfa7d8ea0 -> e5dac5b8488e88e34bc06134aab616b5
  custom:scripting/monoscript/fileName/EnemiesCompositeRoot.cs: 9f641fa9a571f9813c94670acbbd7a87 -> 231d4127bbfdf1277572322b3d277786
  custom:scripting/monoscript/fileName/ShipInput.cs: 34c6ff9cf0aa0d720e612550af5c5d26 -> 849ed7f5b11c9db237ef61b01c5a5104
  custom:AudioImporter_EditorPlatform: d09bf68614088b80899f8185d706f6e7 -> 
  custom:audio-decoder-ogg-vorbis: bf7c407c2cedff20999df2af8eb42d56 -> 
  custom:video-encoder-webm-vp8: eb34c28f22e8b96e1ab97ce403110664 -> 
  custom:container-demuxer-ogg: 62fdf1f143b41e24485cea50d1cbac27 -> 
  custom:framework-win-MediaFoundation: 216162199b28c13a410421893ffa2e32 -> 
  custom:scripting/monoscript/fileName/TransformableView.cs: d67ff9d4aa73d3eac82346438009ea3b -> 129011eaf8ea6845b2eeac9a029cc2ae
  custom:scripting/monoscript/fileName/CompositeRoot.cs: c7d7f1e7661d1fb39e1a3c081835ffaa -> 94781c0306933e7b985e9ad8c821de3b
  custom:scripting/monoscript/fileName/TransformableViewFactory.cs: 8f6297df34271fdb1ce2d9607ec6261d -> 90647cc400823b41df847a6cbfc29026
  custom:scripting/monoscript/fileName/BulletsViewFactory.cs: df4ce13b338e3bc26d770589fa44ff6b -> 559ccf68d14a7d72547e33be2981a774
  custom:video-decoder-ogg-theora: a1e56fd34408186e4bbccfd4996cb3dc -> 
  custom:container-muxer-webm: aa71ff27fc2769a1b78a27578f13a17b -> 
  custom:video-codec-MediaFoundation-h265: 746d11721c4dcdbdad8f713fa42b33f4 -> 
  custom:scripting/monoscript/fileName/PhysicsEventsBroadcaster.cs: 23bb26576e3b4973aeb46a8a15965193 -> d3acc018cf1b006b61990420842ddfd7
  custom:container-demuxer-webm: 4f35f7cbe854078d1ac9338744f61a02 -> 
  custom:scripting/monoscript/fileName/ShipDebugUIView.cs: 7a78c7013eed0499d75a3c25fd63e369 -> 61fc2b9691e778973250728863516dbe
  custom:scripting/monoscript/fileName/ShipCompositeRoot.cs: 902ed14397e2725f7e00a433b6cec580 -> 53c10bac97ef09c055c19b94b58627b5
  custom:scripting/monoscript/fileName/PhysicsRoutingCompositeRoot.cs: 07a1ea7b81c80e1644c3dcd3bee9df44 -> ee669b79e749fb756d553368f7ce871c
  custom:scripting/monoscript/fileName/ShipInputRouter.cs: c198cfb48dce22dbf9eda7426e034217 -> 8db402f01f9b1236060b0cea3ff77512
========================================================================
Received Prepare
Begin MonoManager ReloadAssembly
C:\build\output\Unity-Technologies\mono\mono\metadata\icall.c:1842:
C:\build\output\Unity-Technologies\mono\mono\metadata\icall.c:1842:
C:\build\output\Unity-Technologies\mono\mono\metadata\icall.c:1842:
C:\build\output\Unity-Technologies\mono\mono\metadata\icall.c:1842:
C:\build\output\Unity-Technologies\mono\mono\metadata\icall.c:1842:
C:\build\output\Unity-Technologies\mono\mono\metadata\icall.c:1842:
C:\build\output\Unity-Technologies\mono\mono\metadata\icall.c:1842:
C:\build\output\Unity-Technologies\mono\mono\metadata\icall.c:1842:
C:\build\output\Unity-Technologies\mono\mono\metadata\icall.c:1842:
C:\build\output\Unity-Technologies\mono\mono\metadata\icall.c:1842:
C:\build\output\Unity-Technologies\mono\mono\metadata\icall.c:1842:
C:\build\output\Unity-Technologies\mono\mono\metadata\icall.c:1842:
Symbol file LoadedFromMemory doesn't match image C:\Users\veche\OneDrive\Рабочий стол\Asteroids\Library\PackageCache\com.unity.visualscripting@1.8.0\Editor\VisualScripting.Core\Dependencies\YamlDotNet\Unity.VisualScripting.YamlDotNet.dll
Symbol file LoadedFromMemory doesn't match image C:\Users\veche\OneDrive\Рабочий стол\Asteroids\Library\PackageCache\com.unity.visualscripting@1.8.0\Editor\VisualScripting.Core\Dependencies\DotNetZip\Unity.VisualScripting.IonicZip.dll
- Loaded All Assemblies, in  0.987 seconds
Refreshing native plugins compatible for Editor in 3.27 ms, found 3 plugins.
Native extension for Android target not found
Native extension for WindowsStandalone target not found
Mono: successfully reloaded assembly
- Finished resetting the current domain, in  1.458 seconds
Domain Reload Profiling: 2443ms
	BeginReloadAssembly (202ms)
		ExecutionOrderSort (0ms)
		DisableScriptedObjects (6ms)
		BackupInstance (0ms)
		ReleaseScriptingObjects (0ms)
		CreateAndSetChildDomain (44ms)
	RebuildCommonClasses (42ms)
	RebuildNativeTypeToScriptingClass (17ms)
	initialDomainReloadingComplete (30ms)
	LoadAllAssembliesAndSetupDomain (695ms)
		LoadAssemblies (423ms)
		RebuildTransferFunctionScriptingTraits (0ms)
		AnalyzeDomain (383ms)
			TypeCache.Refresh (375ms)
				TypeCache.ScanAssembly (363ms)
			ScanForSourceGeneratedMonoScriptInfo (3ms)
			ResolveRequiredComponents (5ms)
	FinalizeReload (1458ms)
		ReleaseScriptCaches (0ms)
		RebuildScriptCaches (0ms)
		SetupLoadedEditorAssemblies (696ms)
			LogAssemblyErrors (0ms)
			InitializePlatformSupportModulesInManaged (49ms)
			SetLoadedEditorAssemblies (7ms)
			BeforeProcessingInitializeOnLoad (175ms)
			ProcessInitializeOnLoadAttributes (423ms)
			ProcessInitializeOnLoadMethodAttributes (35ms)
			AfterProcessingInitializeOnLoad (6ms)
			EditorAssembliesLoaded (0ms)
		ExecutionOrderSort2 (0ms)
		AwakeInstancesAfterBackupRestoration (13ms)
Refreshing native plugins compatible for Editor in 2.60 ms, found 3 plugins.
Preloading 0 native plugins for Editor in 0.00 ms.
Unloading 3454 Unused Serialized files (Serialized files now loaded: 0)
Unloading 24 unused Assets / (30.6 KB). Loaded Objects now: 4039.
Memory consumption went from 134.6 MB to 134.6 MB.
Total: 4.313200 ms (FindLiveObjects: 0.252000 ms CreateObjectMapping: 0.138900 ms MarkObjects: 3.868600 ms  DeleteObjects: 0.051900 ms)

Prepare: number of updated asset objects reloaded= 0
AssetImportParameters requested are different than current active one (requested -> active):
  custom:scripting/monoscript/fileName/EnemiesViewFactory.cs: 306b4821032afd9de2f69861c17519f7 -> 3e3cbf795a7c6a9ca2c5792ba9c660ba
  custom:scripting/monoscript/fileName/EndGameWindowView.cs: 136596342d2cf90669d11e2dce2e98f1 -> 583adb17570d30b5080eb77217b7f408
  custom:video-decoder-webm-vp8: 9c59270c3fd7afecdb556c50c9e8de78 -> 
  custom:audio-encoder-webm-vorbis: bf7c407c2cedff20999df2af8eb42d56 -> 
  custom:scripting/monoscript/fileName/CompositionOrder.cs: ffef13b935182840baba9dbbfa7d8ea0 -> e5dac5b8488e88e34bc06134aab616b5
  custom:scripting/monoscript/fileName/EnemiesCompositeRoot.cs: 9f641fa9a571f9813c94670acbbd7a87 -> 231d4127bbfdf1277572322b3d277786
  custom:scripting/monoscript/fileName/ShipInput.cs: 34c6ff9cf0aa0d720e612550af5c5d26 -> 849ed7f5b11c9db237ef61b01c5a5104
  custom:AudioImporter_EditorPlatform: d09bf68614088b80899f8185d706f6e7 -> 
  custom:audio-decoder-ogg-vorbis: bf7c407c2cedff20999df2af8eb42d56 -> 
  custom:video-encoder-webm-vp8: eb34c28f22e8b96e1ab97ce403110664 -> 
  custom:container-demuxer-ogg: 62fdf1f143b41e24485cea50d1cbac27 -> 
  custom:framework-win-MediaFoundation: 216162199b28c13a410421893ffa2e32 -> 
  custom:scripting/monoscript/fileName/TransformableView.cs: d67ff9d4aa73d3eac82346438009ea3b -> 129011eaf8ea6845b2eeac9a029cc2ae
  custom:scripting/monoscript/fileName/CompositeRoot.cs: c7d7f1e7661d1fb39e1a3c081835ffaa -> 94781c0306933e7b985e9ad8c821de3b
  custom:scripting/monoscript/fileName/TransformableViewFactory.cs: 8f6297df34271fdb1ce2d9607ec6261d -> 90647cc400823b41df847a6cbfc29026
  custom:scripting/monoscript/fileName/BulletsViewFactory.cs: df4ce13b338e3bc26d770589fa44ff6b -> 559ccf68d14a7d72547e33be2981a774
  custom:video-decoder-ogg-theora: a1e56fd34408186e4bbccfd4996cb3dc -> 
  custom:container-muxer-webm: aa71ff27fc2769a1b78a27578f13a17b -> 
  custom:video-codec-MediaFoundation-h265: 746d11721c4dcdbdad8f713fa42b33f4 -> 
  custom:scripting/monoscript/fileName/PhysicsEventsBroadcaster.cs: 23bb26576e3b4973aeb46a8a15965193 -> d3acc018cf1b006b61990420842ddfd7
  custom:container-demuxer-webm: 4f35f7cbe854078d1ac9338744f61a02 -> 
  custom:scripting/monoscript/fileName/ShipDebugUIView.cs: 7a78c7013eed0499d75a3c25fd63e369 -> 61fc2b9691e778973250728863516dbe
  custom:scripting/monoscript/fileName/ShipCompositeRoot.cs: 902ed14397e2725f7e00a433b6cec580 -> 53c10bac97ef09c055c19b94b58627b5
  custom:scripting/monoscript/fileName/PhysicsRoutingCompositeRoot.cs: 07a1ea7b81c80e1644c3dcd3bee9df44 -> ee669b79e749fb756d553368f7ce871c
  custom:scripting/monoscript/fileName/ShipInputRouter.cs: c198cfb48dce22dbf9eda7426e034217 -> 8db402f01f9b1236060b0cea3ff77512
========================================================================
Received Import Request.
  Time since last request: 206.919683 seconds.
  path: Assets/Prefabs/Ufo.prefab
  artifactKey: Guid(227e6133de9075a44aa0ad05e2399431) Importer(815301076,1909f56bfc062723c751e8b465ee728b)
Start importing Assets/Prefabs/Ufo.prefab using Guid(227e6133de9075a44aa0ad05e2399431) Importer(815301076,1909f56bfc062723c751e8b465ee728b)  -> (artifact id: 'ddc6531f69d18b4795f55883cf8e8bdf') in 0.055202 seconds
Number of updated asset objects reloaded before import = 0
Number of asset objects unloaded after import = 10
========================================================================
Received Prepare
Begin MonoManager ReloadAssembly
C:\build\output\Unity-Technologies\mono\mono\metadata\icall.c:1842:
C:\build\output\Unity-Technologies\mono\mono\metadata\icall.c:1842:
C:\build\output\Unity-Technologies\mono\mono\metadata\icall.c:1842:
C:\build\output\Unity-Technologies\mono\mono\metadata\icall.c:1842:
C:\build\output\Unity-Technologies\mono\mono\metadata\icall.c:1842:
C:\build\output\Unity-Technologies\mono\mono\metadata\icall.c:1842:
C:\build\output\Unity-Technologies\mono\mono\metadata\icall.c:1842:
C:\build\output\Unity-Technologies\mono\mono\metadata\icall.c:1842:
C:\build\output\Unity-Technologies\mono\mono\metadata\icall.c:1842:
C:\build\output\Unity-Technologies\mono\mono\metadata\icall.c:1842:
C:\build\output\Unity-Technologies\mono\mono\metadata\icall.c:1842:
C:\build\output\Unity-Technologies\mono\mono\metadata\icall.c:1842:
Symbol file LoadedFromMemory doesn't match image C:\Users\veche\OneDrive\Рабочий стол\Asteroids\Library\PackageCache\com.unity.visualscripting@1.8.0\Editor\VisualScripting.Core\Dependencies\YamlDotNet\Unity.VisualScripting.YamlDotNet.dll
Symbol file LoadedFromMemory doesn't match image C:\Users\veche\OneDrive\Рабочий стол\Asteroids\Library\PackageCache\com.unity.visualscripting@1.8.0\Editor\VisualScripting.Core\Dependencies\DotNetZip\Unity.VisualScripting.IonicZip.dll
- Loaded All Assemblies, in  0.662 seconds
Refreshing native plugins compatible for Editor in 5.08 ms, found 3 plugins.
Native extension for Android target not found
Native extension for WindowsStandalone target not found
Mono: successfully reloaded assembly
- Finished resetting the current domain, in  0.958 seconds
Domain Reload Profiling: 1619ms
	BeginReloadAssembly (172ms)
		ExecutionOrderSort (0ms)
		DisableScriptedObjects (4ms)
		BackupInstance (0ms)
		ReleaseScriptingObjects (0ms)
		CreateAndSetChildDomain (47ms)
	RebuildCommonClasses (42ms)
	RebuildNativeTypeToScriptingClass (10ms)
	initialDomainReloadingComplete (24ms)
	LoadAllAssembliesAndSetupDomain (412ms)
		LoadAssemblies (274ms)
		RebuildTransferFunctionScriptingTraits (0ms)
		AnalyzeDomain (225ms)
			TypeCache.Refresh (221ms)
				TypeCache.ScanAssembly (211ms)
			ScanForSourceGeneratedMonoScriptInfo (0ms)
			ResolveRequiredComponents (4ms)
	FinalizeReload (959ms)
		ReleaseScriptCaches (0ms)
		RebuildScriptCaches (0ms)
		SetupLoadedEditorAssemblies (441ms)
			LogAssemblyErrors (0ms)
			InitializePlatformSupportModulesInManaged (24ms)
			SetLoadedEditorAssemblies (4ms)
			BeforeProcessingInitializeOnLoad (118ms)
			ProcessInitializeOnLoadAttributes (272ms)
			ProcessInitializeOnLoadMethodAttributes (20ms)
			AfterProcessingInitializeOnLoad (3ms)
			EditorAssembliesLoaded (0ms)
		ExecutionOrderSort2 (0ms)
		AwakeInstancesAfterBackupRestoration (6ms)
Refreshing native plugins compatible for Editor in 3.51 ms, found 3 plugins.
Preloading 0 native plugins for Editor in 0.00 ms.
Unloading 3453 Unused Serialized files (Serialized files now loaded: 0)
Unloading 24 unused Assets / (30.5 KB). Loaded Objects now: 4043.
Memory consumption went from 135.4 MB to 135.4 MB.
Total: 5.932700 ms (FindLiveObjects: 0.257100 ms CreateObjectMapping: 0.185400 ms MarkObjects: 5.410500 ms  DeleteObjects: 0.077800 ms)

Prepare: number of updated asset objects reloaded= 0
AssetImportParameters requested are different than current active one (requested -> active):
  custom:scripting/monoscript/fileName/EnemiesViewFactory.cs: 306b4821032afd9de2f69861c17519f7 -> 3e3cbf795a7c6a9ca2c5792ba9c660ba
  custom:scripting/monoscript/fileName/EndGameWindowView.cs: 136596342d2cf90669d11e2dce2e98f1 -> 583adb17570d30b5080eb77217b7f408
  custom:video-decoder-webm-vp8: 9c59270c3fd7afecdb556c50c9e8de78 -> 
  custom:audio-encoder-webm-vorbis: bf7c407c2cedff20999df2af8eb42d56 -> 
  custom:scripting/monoscript/fileName/CompositionOrder.cs: ffef13b935182840baba9dbbfa7d8ea0 -> e5dac5b8488e88e34bc06134aab616b5
  custom:scripting/monoscript/fileName/EnemiesCompositeRoot.cs: 9f641fa9a571f9813c94670acbbd7a87 -> 231d4127bbfdf1277572322b3d277786
  custom:scripting/monoscript/fileName/ShipInput.cs: 34c6ff9cf0aa0d720e612550af5c5d26 -> 849ed7f5b11c9db237ef61b01c5a5104
  custom:AudioImporter_EditorPlatform: d09bf68614088b80899f8185d706f6e7 -> 
  custom:audio-decoder-ogg-vorbis: bf7c407c2cedff20999df2af8eb42d56 -> 
  custom:video-encoder-webm-vp8: eb34c28f22e8b96e1ab97ce403110664 -> 
  custom:container-demuxer-ogg: 62fdf1f143b41e24485cea50d1cbac27 -> 
  custom:framework-win-MediaFoundation: 216162199b28c13a410421893ffa2e32 -> 
  custom:scripting/monoscript/fileName/TransformableView.cs: d67ff9d4aa73d3eac82346438009ea3b -> 129011eaf8ea6845b2eeac9a029cc2ae
  custom:scripting/monoscript/fileName/CompositeRoot.cs: c7d7f1e7661d1fb39e1a3c081835ffaa -> 94781c0306933e7b985e9ad8c821de3b
  custom:scripting/monoscript/fileName/TransformableViewFactory.cs: 8f6297df34271fdb1ce2d9607ec6261d -> 90647cc400823b41df847a6cbfc29026
  custom:scripting/monoscript/fileName/BulletsViewFactory.cs: df4ce13b338e3bc26d770589fa44ff6b -> 559ccf68d14a7d72547e33be2981a774
  custom:video-decoder-ogg-theora: a1e56fd34408186e4bbccfd4996cb3dc -> 
  custom:container-muxer-webm: aa71ff27fc2769a1b78a27578f13a17b -> 
  custom:video-codec-MediaFoundation-h265: 746d11721c4dcdbdad8f713fa42b33f4 -> 
  custom:scripting/monoscript/fileName/PhysicsEventsBroadcaster.cs: 23bb26576e3b4973aeb46a8a15965193 -> d3acc018cf1b006b61990420842ddfd7
  custom:container-demuxer-webm: 4f35f7cbe854078d1ac9338744f61a02 -> 
  custom:scripting/monoscript/fileName/ShipDebugUIView.cs: 7a78c7013eed0499d75a3c25fd63e369 -> 61fc2b9691e778973250728863516dbe
  custom:scripting/monoscript/fileName/ShipCompositeRoot.cs: 902ed14397e2725f7e00a433b6cec580 -> 53c10bac97ef09c055c19b94b58627b5
  custom:scripting/monoscript/fileName/PhysicsRoutingCompositeRoot.cs: 07a1ea7b81c80e1644c3dcd3bee9df44 -> ee669b79e749fb756d553368f7ce871c
  custom:scripting/monoscript/fileName/ShipInputRouter.cs: c198cfb48dce22dbf9eda7426e034217 -> 8db402f01f9b1236060b0cea3ff77512
========================================================================
Received Import Request.
  Time since last request: 394.034070 seconds.
  path: Assets/Sources/Model/CollisionsRecords.cs
  artifactKey: Guid(05db182cc4258c44cac230d1888e0bc4) Importer(815301076,1909f56bfc062723c751e8b465ee728b)
Start importing Assets/Sources/Model/CollisionsRecords.cs using Guid(05db182cc4258c44cac230d1888e0bc4) Importer(815301076,1909f56bfc062723c751e8b465ee728b)  -> (artifact id: '1d9e09f3900dedc400229bb7ed297059') in 0.002877 seconds
Number of updated asset objects reloaded before import = 0
Number of asset objects unloaded after import = 0
========================================================================
Received Import Request.
  Time since last request: 6.478076 seconds.
  path: Assets/Sources/Model/Score.cs
  artifactKey: Guid(1c77078689fdc2c459fef9596438cbc0) Importer(815301076,1909f56bfc062723c751e8b465ee728b)
Start importing Assets/Sources/Model/Score.cs using Guid(1c77078689fdc2c459fef9596438cbc0) Importer(815301076,1909f56bfc062723c751e8b465ee728b)  -> (artifact id: '13e82952a282d91f21d7b7df22ef9447') in 0.000609 seconds
Number of updated asset objects reloaded before import = 0
Number of asset objects unloaded after import = 0
========================================================================
Received Import Request.
  Time since last request: 0.548617 seconds.
  path: Assets/Sources/Model/ShipMovement.cs
  artifactKey: Guid(319c5e4721487a84fbd1034280907b81) Importer(815301076,1909f56bfc062723c751e8b465ee728b)
Start importing Assets/Sources/Model/ShipMovement.cs using Guid(319c5e4721487a84fbd1034280907b81) Importer(815301076,1909f56bfc062723c751e8b465ee728b)  -> (artifact id: '4e788fe3c5d99b776d060a9581dcb902') in 0.000531 seconds
Number of updated asset objects reloaded before import = 0
Number of asset objects unloaded after import = 0
========================================================================
Received Import Request.
  Time since last request: 0.672216 seconds.
  path: Assets/Sources/Model/Transformable.cs
  artifactKey: Guid(ecdaacc41d218da40973338e1ef76362) Importer(815301076,1909f56bfc062723c751e8b465ee728b)
Start importing Assets/Sources/Model/Transformable.cs using Guid(ecdaacc41d218da40973338e1ef76362) Importer(815301076,1909f56bfc062723c751e8b465ee728b)  -> (artifact id: '6ce32177fcc437d1c3daf38ab81216e6') in 0.000548 seconds
Number of updated asset objects reloaded before import = 0
Number of asset objects unloaded after import = 0
========================================================================
Received Import Request.
  Time since last request: 0.368430 seconds.
  path: Assets/Sources/Model/Timers.cs
  artifactKey: Guid(3b6fafd380282b849b8bb383d0f631a1) Importer(815301076,1909f56bfc062723c751e8b465ee728b)
Start importing Assets/Sources/Model/Timers.cs using Guid(3b6fafd380282b849b8bb383d0f631a1) Importer(815301076,1909f56bfc062723c751e8b465ee728b)  -> (artifact id: 'a797b542d188ff6c66a66c5a0ba185fa') in 0.000554 seconds
Number of updated asset objects reloaded before import = 0
Number of asset objects unloaded after import = 0
========================================================================
Received Import Request.
  Time since last request: 9.153339 seconds.
  path: Assets/Sources/View/BulletsViewFactory.cs
  artifactKey: Guid(08d0a4a1908fb674fbd2007a67a2bb19) Importer(815301076,1909f56bfc062723c751e8b465ee728b)
Start importing Assets/Sources/View/BulletsViewFactory.cs using Guid(08d0a4a1908fb674fbd2007a67a2bb19) Importer(815301076,1909f56bfc062723c751e8b465ee728b)  -> (artifact id: '723e5df7bd0e07eb7da55090ffebee8a') in 0.000597 seconds
Number of updated asset objects reloaded before import = 0
Number of asset objects unloaded after import = 0
========================================================================
Received Import Request.
  Time since last request: 2.023966 seconds.
  path: Assets/Sources/View/EndGameWindowView.cs
  artifactKey: Guid(698b3b38c0ee5a34fb90f857b92b123f) Importer(815301076,1909f56bfc062723c751e8b465ee728b)
Start importing Assets/Sources/View/EndGameWindowView.cs using Guid(698b3b38c0ee5a34fb90f857b92b123f) Importer(815301076,1909f56bfc062723c751e8b465ee728b)  -> (artifact id: '6c1ba9d70431c14224d3f4187b410ee1') in 0.000587 seconds
Number of updated asset objects reloaded before import = 0
Number of asset objects unloaded after import = 0
========================================================================
Received Import Request.
  Time since last request: 0.798067 seconds.
  path: Assets/Sources/View/EnemiesViewFactory.cs
  artifactKey: Guid(81eebecd6a2b1f24db6495e8352b0eb1) Importer(815301076,1909f56bfc062723c751e8b465ee728b)
Start importing Assets/Sources/View/EnemiesViewFactory.cs using Guid(81eebecd6a2b1f24db6495e8352b0eb1) Importer(815301076,1909f56bfc062723c751e8b465ee728b)  -> (artifact id: 'eb25aa1df66bcf2a42aa2c34498d0cac') in 0.000544 seconds
Number of updated asset objects reloaded before import = 0
Number of asset objects unloaded after import = 0
========================================================================
Received Import Request.
  Time since last request: 4.621312 seconds.
  path: Assets/Sources/View/PhysicsEventsBroadcaster.cs
  artifactKey: Guid(f191ce631aab81249ad8b0564e585177) Importer(815301076,1909f56bfc062723c751e8b465ee728b)
Start importing Assets/Sources/View/PhysicsEventsBroadcaster.cs using Guid(f191ce631aab81249ad8b0564e585177) Importer(815301076,1909f56bfc062723c751e8b465ee728b)  -> (artifact id: 'fb5dc5a67093feb95d3cc8840cc655a6') in 0.000722 seconds
Number of updated asset objects reloaded before import = 0
Number of asset objects unloaded after import = 0
========================================================================
Received Import Request.
  Time since last request: 2.316241 seconds.
  path: Assets/Sources/View/ShipDebugUIView.cs
  artifactKey: Guid(23859c3c2e75bee49a1c80e317f6b9eb) Importer(815301076,1909f56bfc062723c751e8b465ee728b)
Start importing Assets/Sources/View/ShipDebugUIView.cs using Guid(23859c3c2e75bee49a1c80e317f6b9eb) Importer(815301076,1909f56bfc062723c751e8b465ee728b)  -> (artifact id: 'da1c9b21c15902fb2c3624ea54e7eef1') in 0.000534 seconds
Number of updated asset objects reloaded before import = 0
Number of asset objects unloaded after import = 0
========================================================================
Received Import Request.
  Time since last request: 2.855108 seconds.
  path: Assets/Sources/View/TransformableView.cs
  artifactKey: Guid(64bef8e5aef082e4fb2813f02d1368c5) Importer(815301076,1909f56bfc062723c751e8b465ee728b)
Start importing Assets/Sources/View/TransformableView.cs using Guid(64bef8e5aef082e4fb2813f02d1368c5) Importer(815301076,1909f56bfc062723c751e8b465ee728b)  -> (artifact id: 'fd2fe44a9330dc25e32cc4a6aa503962') in 0.000730 seconds
Number of updated asset objects reloaded before import = 0
Number of asset objects unloaded after import = 0
========================================================================
Received Import Request.
  Time since last request: 0.994825 seconds.
  path: Assets/Sources/View/TransformableViewFactory.cs
  artifactKey: Guid(e613ebf5eb9a6d7498fcd9c58799580a) Importer(815301076,1909f56bfc062723c751e8b465ee728b)
Start importing Assets/Sources/View/TransformableViewFactory.cs using Guid(e613ebf5eb9a6d7498fcd9c58799580a) Importer(815301076,1909f56bfc062723c751e8b465ee728b)  -> (artifact id: 'bd7b5412f7f86442392a76dd3a64b740') in 0.000580 seconds
Number of updated asset objects reloaded before import = 0
Number of asset objects unloaded after import = 0
========================================================================
Received Import Request.
  Time since last request: 93.896166 seconds.
  path: Assets/Sources/View/BulletsViewFactory.cs
  artifactKey: Guid(08d0a4a1908fb674fbd2007a67a2bb19) Importer(815301076,1909f56bfc062723c751e8b465ee728b)
Start importing Assets/Sources/View/BulletsViewFactory.cs using Guid(08d0a4a1908fb674fbd2007a67a2bb19) Importer(815301076,1909f56bfc062723c751e8b465ee728b)  -> (artifact id: '9cf527fd9fa385bc7678dcc9f5be6491') in 0.000989 seconds
Number of updated asset objects reloaded before import = 0
Number of asset objects unloaded after import = 0
========================================================================
Received Prepare
Begin MonoManager ReloadAssembly
C:\build\output\Unity-Technologies\mono\mono\metadata\icall.c:1842:
C:\build\output\Unity-Technologies\mono\mono\metadata\icall.c:1842:
C:\build\output\Unity-Technologies\mono\mono\metadata\icall.c:1842:
C:\build\output\Unity-Technologies\mono\mono\metadata\icall.c:1842:
C:\build\output\Unity-Technologies\mono\mono\metadata\icall.c:1842:
C:\build\output\Unity-Technologies\mono\mono\metadata\icall.c:1842:
C:\build\output\Unity-Technologies\mono\mono\metadata\icall.c:1842:
C:\build\output\Unity-Technologies\mono\mono\metadata\icall.c:1842:
C:\build\output\Unity-Technologies\mono\mono\metadata\icall.c:1842:
C:\build\output\Unity-Technologies\mono\mono\metadata\icall.c:1842:
C:\build\output\Unity-Technologies\mono\mono\metadata\icall.c:1842:
C:\build\output\Unity-Technologies\mono\mono\metadata\icall.c:1842:
Symbol file LoadedFromMemory doesn't match image C:\Users\veche\OneDrive\Рабочий стол\Asteroids\Library\PackageCache\com.unity.visualscripting@1.8.0\Editor\VisualScripting.Core\Dependencies\YamlDotNet\Unity.VisualScripting.YamlDotNet.dll
Symbol file LoadedFromMemory doesn't match image C:\Users\veche\OneDrive\Рабочий стол\Asteroids\Library\PackageCache\com.unity.visualscripting@1.8.0\Editor\VisualScripting.Core\Dependencies\DotNetZip\Unity.VisualScripting.IonicZip.dll
- Loaded All Assemblies, in  1.081 seconds
Refreshing native plugins compatible for Editor in 6.92 ms, found 3 plugins.
Native extension for Android target not found
Native extension for WindowsStandalone target not found
Mono: successfully reloaded assembly
- Finished resetting the current domain, in  1.665 seconds
Domain Reload Profiling: 2745ms
	BeginReloadAssembly (255ms)
		ExecutionOrderSort (0ms)
		DisableScriptedObjects (11ms)
		BackupInstance (0ms)
		ReleaseScriptingObjects (0ms)
		CreateAndSetChildDomain (68ms)
	RebuildCommonClasses (49ms)
	RebuildNativeTypeToScriptingClass (17ms)
	initialDomainReloadingComplete (45ms)
	LoadAllAssembliesAndSetupDomain (713ms)
		LoadAssemblies (496ms)
		RebuildTransferFunctionScriptingTraits (0ms)
		AnalyzeDomain (333ms)
			TypeCache.Refresh (320ms)
				TypeCache.ScanAssembly (304ms)
			ScanForSourceGeneratedMonoScriptInfo (4ms)
			ResolveRequiredComponents (8ms)
	FinalizeReload (1667ms)
		ReleaseScriptCaches (0ms)
		RebuildScriptCaches (0ms)
		SetupLoadedEditorAssemblies (797ms)
			LogAssemblyErrors (0ms)
			InitializePlatformSupportModulesInManaged (37ms)
			SetLoadedEditorAssemblies (13ms)
			BeforeProcessingInitializeOnLoad (161ms)
			ProcessInitializeOnLoadAttributes (539ms)
			ProcessInitializeOnLoadMethodAttributes (41ms)
			AfterProcessingInitializeOnLoad (6ms)
			EditorAssembliesLoaded (0ms)
		ExecutionOrderSort2 (0ms)
		AwakeInstancesAfterBackupRestoration (8ms)
Refreshing native plugins compatible for Editor in 3.41 ms, found 3 plugins.
Preloading 0 native plugins for Editor in 0.00 ms.
Unloading 3453 Unused Serialized files (Serialized files now loaded: 0)
Unloading 24 unused Assets / (30.6 KB). Loaded Objects now: 4047.
Memory consumption went from 136.5 MB to 136.4 MB.
Total: 6.398700 ms (FindLiveObjects: 0.309400 ms CreateObjectMapping: 0.270000 ms MarkObjects: 5.747900 ms  DeleteObjects: 0.069700 ms)

Prepare: number of updated asset objects reloaded= 0
AssetImportParameters requested are different than current active one (requested -> active):
  custom:scripting/monoscript/fileName/EnemiesViewFactory.cs: 306b4821032afd9de2f69861c17519f7 -> 3e3cbf795a7c6a9ca2c5792ba9c660ba
  custom:scripting/monoscript/fileName/EndGameWindowView.cs: 136596342d2cf90669d11e2dce2e98f1 -> 583adb17570d30b5080eb77217b7f408
  custom:video-decoder-webm-vp8: 9c59270c3fd7afecdb556c50c9e8de78 -> 
  custom:audio-encoder-webm-vorbis: bf7c407c2cedff20999df2af8eb42d56 -> 
  custom:scripting/monoscript/fileName/CompositionOrder.cs: ffef13b935182840baba9dbbfa7d8ea0 -> e5dac5b8488e88e34bc06134aab616b5
  custom:scripting/monoscript/fileName/EnemiesCompositeRoot.cs: 9f641fa9a571f9813c94670acbbd7a87 -> 231d4127bbfdf1277572322b3d277786
  custom:scripting/monoscript/fileName/ShipInput.cs: 34c6ff9cf0aa0d720e612550af5c5d26 -> 849ed7f5b11c9db237ef61b01c5a5104
  custom:AudioImporter_EditorPlatform: d09bf68614088b80899f8185d706f6e7 -> 
  custom:audio-decoder-ogg-vorbis: bf7c407c2cedff20999df2af8eb42d56 -> 
  custom:video-encoder-webm-vp8: eb34c28f22e8b96e1ab97ce403110664 -> 
  custom:container-demuxer-ogg: 62fdf1f143b41e24485cea50d1cbac27 -> 
  custom:framework-win-MediaFoundation: 216162199b28c13a410421893ffa2e32 -> 
  custom:scripting/monoscript/fileName/TransformableView.cs: d67ff9d4aa73d3eac82346438009ea3b -> 129011eaf8ea6845b2eeac9a029cc2ae
  custom:scripting/monoscript/fileName/CompositeRoot.cs: c7d7f1e7661d1fb39e1a3c081835ffaa -> 94781c0306933e7b985e9ad8c821de3b
  custom:scripting/monoscript/fileName/TransformableViewFactory.cs: 8f6297df34271fdb1ce2d9607ec6261d -> 90647cc400823b41df847a6cbfc29026
  custom:scripting/monoscript/fileName/BulletsViewFactory.cs: df4ce13b338e3bc26d770589fa44ff6b -> 559ccf68d14a7d72547e33be2981a774
  custom:video-decoder-ogg-theora: a1e56fd34408186e4bbccfd4996cb3dc -> 
  custom:container-muxer-webm: aa71ff27fc2769a1b78a27578f13a17b -> 
  custom:video-codec-MediaFoundation-h265: 746d11721c4dcdbdad8f713fa42b33f4 -> 
  custom:scripting/monoscript/fileName/PhysicsEventsBroadcaster.cs: 23bb26576e3b4973aeb46a8a15965193 -> d3acc018cf1b006b61990420842ddfd7
  custom:container-demuxer-webm: 4f35f7cbe854078d1ac9338744f61a02 -> 
  custom:scripting/monoscript/fileName/ShipDebugUIView.cs: 7a78c7013eed0499d75a3c25fd63e369 -> 61fc2b9691e778973250728863516dbe
  custom:scripting/monoscript/fileName/ShipCompositeRoot.cs: 902ed14397e2725f7e00a433b6cec580 -> 53c10bac97ef09c055c19b94b58627b5
  custom:scripting/monoscript/fileName/PhysicsRoutingCompositeRoot.cs: 07a1ea7b81c80e1644c3dcd3bee9df44 -> ee669b79e749fb756d553368f7ce871c
  custom:scripting/monoscript/fileName/ShipInputRouter.cs: c198cfb48dce22dbf9eda7426e034217 -> 8db402f01f9b1236060b0cea3ff77512
